2016-02-09 16:14:56 - PHP Notice:  Error: Could not load model D:/Apache24/htdocs/web1/admin/model/marketing/affiliate.php! in D:\Apache24\htdocs\web1\system\engine\loader.php on line 63
2016-02-09 16:16:15 - PHP Notice:  Error: Could not load model D:/Apache24/htdocs/web1/admin/model/marketing/affiliate.php! in D:\Apache24\htdocs\web1\system\engine\loader.php on line 63
2016-02-09 16:17:16 - PHP Notice:  Error: Could not load model D:/Apache24/htdocs/web1/admin/model/marketing/affiliate.php! in D:\Apache24\htdocs\web1\system\engine\loader.php on line 63
2016-02-09 16:17:20 - PHP Notice:  Error: Could not load model D:/Apache24/htdocs/web1/admin/model/marketing/affiliate.php! in D:\Apache24\htdocs\web1\system\engine\loader.php on line 63
2016-02-09 16:18:25 - PHP Notice:  Error: Could not load model D:/Apache24/htdocs/web1/admin/model/marketing/affiliate.php! in D:\Apache24\htdocs\web1\system\engine\loader.php on line 63
2016-02-09 16:37:45 - PHP Notice:  Undefined variable: alerts in D:\Apache24\htdocs\web1\admin\view\template\common\header.tpl on line 45
2016-02-09 16:37:45 - PHP Notice:  Undefined variable: text_affiliate in D:\Apache24\htdocs\web1\admin\view\template\common\header.tpl on line 60
2016-02-09 16:37:45 - PHP Notice:  Undefined variable: affiliate_approval in D:\Apache24\htdocs\web1\admin\view\template\common\header.tpl on line 61
2016-02-09 16:37:45 - PHP Notice:  Undefined variable: affiliate_total in D:\Apache24\htdocs\web1\admin\view\template\common\header.tpl on line 61
2016-02-09 16:37:45 - PHP Notice:  Undefined variable: affiliate in D:\Apache24\htdocs\web1\admin\view\template\common\menu.tpl on line 116
2016-02-09 16:37:45 - PHP Notice:  Undefined variable: text_affiliate in D:\Apache24\htdocs\web1\admin\view\template\common\menu.tpl on line 116
2016-02-09 16:37:45 - PHP Notice:  Undefined variable: report_affiliate in D:\Apache24\htdocs\web1\admin\view\template\common\menu.tpl on line 196
2016-02-09 16:37:45 - PHP Notice:  Undefined variable: text_report_affiliate in D:\Apache24\htdocs\web1\admin\view\template\common\menu.tpl on line 196
2016-02-09 16:37:45 - PHP Notice:  Undefined variable: report_affiliate_activity in D:\Apache24\htdocs\web1\admin\view\template\common\menu.tpl on line 197
2016-02-09 16:37:45 - PHP Notice:  Undefined variable: text_report_affiliate_activity in D:\Apache24\htdocs\web1\admin\view\template\common\menu.tpl on line 197
2016-02-09 16:38:02 - PHP Notice:  Undefined variable: alerts in D:\Apache24\htdocs\web1\admin\view\template\common\header.tpl on line 45
2016-02-09 16:38:02 - PHP Notice:  Undefined variable: text_affiliate in D:\Apache24\htdocs\web1\admin\view\template\common\header.tpl on line 60
2016-02-09 16:38:02 - PHP Notice:  Undefined variable: affiliate_approval in D:\Apache24\htdocs\web1\admin\view\template\common\header.tpl on line 61
2016-02-09 16:38:02 - PHP Notice:  Undefined variable: affiliate_total in D:\Apache24\htdocs\web1\admin\view\template\common\header.tpl on line 61
2016-02-09 16:38:02 - PHP Notice:  Undefined variable: affiliate in D:\Apache24\htdocs\web1\admin\view\template\common\menu.tpl on line 116
2016-02-09 16:38:02 - PHP Notice:  Undefined variable: text_affiliate in D:\Apache24\htdocs\web1\admin\view\template\common\menu.tpl on line 116
2016-02-09 16:38:02 - PHP Notice:  Undefined variable: report_affiliate in D:\Apache24\htdocs\web1\admin\view\template\common\menu.tpl on line 196
2016-02-09 16:38:02 - PHP Notice:  Undefined variable: text_report_affiliate in D:\Apache24\htdocs\web1\admin\view\template\common\menu.tpl on line 196
2016-02-09 16:38:02 - PHP Notice:  Undefined variable: report_affiliate_activity in D:\Apache24\htdocs\web1\admin\view\template\common\menu.tpl on line 197
2016-02-09 16:38:02 - PHP Notice:  Undefined variable: text_report_affiliate_activity in D:\Apache24\htdocs\web1\admin\view\template\common\menu.tpl on line 197
2016-02-09 16:41:41 - PHP Notice:  Undefined variable: alerts in D:\Apache24\htdocs\web1\admin\view\template\common\header.tpl on line 45
2016-02-09 16:41:41 - PHP Notice:  Undefined variable: text_affiliate in D:\Apache24\htdocs\web1\admin\view\template\common\header.tpl on line 60
2016-02-09 16:41:41 - PHP Notice:  Undefined variable: affiliate_approval in D:\Apache24\htdocs\web1\admin\view\template\common\header.tpl on line 61
2016-02-09 16:41:41 - PHP Notice:  Undefined variable: affiliate_total in D:\Apache24\htdocs\web1\admin\view\template\common\header.tpl on line 61
2016-02-09 16:41:41 - PHP Notice:  Undefined variable: affiliate in D:\Apache24\htdocs\web1\admin\view\template\common\menu.tpl on line 116
2016-02-09 16:41:41 - PHP Notice:  Undefined variable: text_affiliate in D:\Apache24\htdocs\web1\admin\view\template\common\menu.tpl on line 116
2016-02-09 16:41:41 - PHP Notice:  Undefined variable: report_affiliate in D:\Apache24\htdocs\web1\admin\view\template\common\menu.tpl on line 196
2016-02-09 16:41:41 - PHP Notice:  Undefined variable: text_report_affiliate in D:\Apache24\htdocs\web1\admin\view\template\common\menu.tpl on line 196
2016-02-09 16:41:41 - PHP Notice:  Undefined variable: report_affiliate_activity in D:\Apache24\htdocs\web1\admin\view\template\common\menu.tpl on line 197
2016-02-09 16:41:41 - PHP Notice:  Undefined variable: text_report_affiliate_activity in D:\Apache24\htdocs\web1\admin\view\template\common\menu.tpl on line 197
2016-02-09 17:32:57 - PHP Notice:  Undefined variable: alerts in D:\Apache24\htdocs\web1\admin\view\template\common\header.tpl on line 45
2016-02-09 17:32:57 - PHP Notice:  Undefined variable: text_affiliate in D:\Apache24\htdocs\web1\admin\view\template\common\header.tpl on line 60
2016-02-09 17:32:57 - PHP Notice:  Undefined variable: affiliate_approval in D:\Apache24\htdocs\web1\admin\view\template\common\header.tpl on line 61
2016-02-09 17:32:57 - PHP Notice:  Undefined variable: affiliate_total in D:\Apache24\htdocs\web1\admin\view\template\common\header.tpl on line 61
2016-02-09 17:32:57 - PHP Notice:  Undefined variable: affiliate in D:\Apache24\htdocs\web1\admin\view\template\common\menu.tpl on line 116
2016-02-09 17:32:57 - PHP Notice:  Undefined variable: text_affiliate in D:\Apache24\htdocs\web1\admin\view\template\common\menu.tpl on line 116
2016-02-09 17:32:57 - PHP Notice:  Undefined variable: report_affiliate in D:\Apache24\htdocs\web1\admin\view\template\common\menu.tpl on line 196
2016-02-09 17:32:57 - PHP Notice:  Undefined variable: text_report_affiliate in D:\Apache24\htdocs\web1\admin\view\template\common\menu.tpl on line 196
2016-02-09 17:32:57 - PHP Notice:  Undefined variable: report_affiliate_activity in D:\Apache24\htdocs\web1\admin\view\template\common\menu.tpl on line 197
2016-02-09 17:32:57 - PHP Notice:  Undefined variable: text_report_affiliate_activity in D:\Apache24\htdocs\web1\admin\view\template\common\menu.tpl on line 197
2016-02-09 17:32:57 - PHP Notice:  Error: You have an error in your SQL syntax; check the manual that corresponds to your MariaDB server version for the right syntax to use near '' at line 1<br />Error No: 1064<br />SELECT a.key, a.data, a.date_added FROM ((SELECT CONCAT('customer_', ca.key) AS `key`, ca.data, ca.date_added FROM `oc_customer_activity` ca) a ORDER BY a.date_added DESC LIMIT 0,5 in D:\Apache24\htdocs\web1\system\library\db\mysqli.php on line 41
2016-02-09 17:32:57 - PHP Notice:  Trying to get property of non-object in D:\Apache24\htdocs\web1\admin\model\report\activity.php on line 6
2016-02-09 17:32:57 - PHP Warning:  Invalid argument supplied for foreach() in D:\Apache24\htdocs\web1\admin\controller\dashboard\activity.php on line 18
2016-02-09 17:34:18 - PHP Notice:  Undefined variable: alerts in D:\Apache24\htdocs\web1\admin\view\template\common\header.tpl on line 45
2016-02-09 17:34:18 - PHP Notice:  Undefined variable: text_affiliate in D:\Apache24\htdocs\web1\admin\view\template\common\header.tpl on line 60
2016-02-09 17:34:18 - PHP Notice:  Undefined variable: affiliate_approval in D:\Apache24\htdocs\web1\admin\view\template\common\header.tpl on line 61
2016-02-09 17:34:18 - PHP Notice:  Undefined variable: affiliate_total in D:\Apache24\htdocs\web1\admin\view\template\common\header.tpl on line 61
2016-02-09 17:34:18 - PHP Notice:  Undefined variable: affiliate in D:\Apache24\htdocs\web1\admin\view\template\common\menu.tpl on line 116
2016-02-09 17:34:18 - PHP Notice:  Undefined variable: text_affiliate in D:\Apache24\htdocs\web1\admin\view\template\common\menu.tpl on line 116
2016-02-09 17:34:18 - PHP Notice:  Undefined variable: report_affiliate in D:\Apache24\htdocs\web1\admin\view\template\common\menu.tpl on line 196
2016-02-09 17:34:18 - PHP Notice:  Undefined variable: text_report_affiliate in D:\Apache24\htdocs\web1\admin\view\template\common\menu.tpl on line 196
2016-02-09 17:34:18 - PHP Notice:  Undefined variable: report_affiliate_activity in D:\Apache24\htdocs\web1\admin\view\template\common\menu.tpl on line 197
2016-02-09 17:34:18 - PHP Notice:  Undefined variable: text_report_affiliate_activity in D:\Apache24\htdocs\web1\admin\view\template\common\menu.tpl on line 197
2016-02-09 17:34:18 - PHP Notice:  Error: You have an error in your SQL syntax; check the manual that corresponds to your MariaDB server version for the right syntax to use near '' at line 1<br />Error No: 1064<br />SELECT a.key, a.data, a.date_added FROM ((SELECT CONCAT('customer_', ca.key) AS `key`, ca.data, ca.date_added FROM `oc_customer_activity` ca ORDER BY a.date_added DESC LIMIT 0,5 in D:\Apache24\htdocs\web1\system\library\db\mysqli.php on line 41
2016-02-09 17:34:18 - PHP Notice:  Trying to get property of non-object in D:\Apache24\htdocs\web1\admin\model\report\activity.php on line 6
2016-02-09 17:34:18 - PHP Warning:  Invalid argument supplied for foreach() in D:\Apache24\htdocs\web1\admin\controller\dashboard\activity.php on line 18
2016-02-09 17:34:38 - PHP Notice:  Undefined variable: alerts in D:\Apache24\htdocs\web1\admin\view\template\common\header.tpl on line 45
2016-02-09 17:34:38 - PHP Notice:  Undefined variable: text_affiliate in D:\Apache24\htdocs\web1\admin\view\template\common\header.tpl on line 60
2016-02-09 17:34:38 - PHP Notice:  Undefined variable: affiliate_approval in D:\Apache24\htdocs\web1\admin\view\template\common\header.tpl on line 61
2016-02-09 17:34:38 - PHP Notice:  Undefined variable: affiliate_total in D:\Apache24\htdocs\web1\admin\view\template\common\header.tpl on line 61
2016-02-09 17:34:38 - PHP Notice:  Undefined variable: affiliate in D:\Apache24\htdocs\web1\admin\view\template\common\menu.tpl on line 116
2016-02-09 17:34:38 - PHP Notice:  Undefined variable: text_affiliate in D:\Apache24\htdocs\web1\admin\view\template\common\menu.tpl on line 116
2016-02-09 17:34:38 - PHP Notice:  Undefined variable: report_affiliate in D:\Apache24\htdocs\web1\admin\view\template\common\menu.tpl on line 196
2016-02-09 17:34:38 - PHP Notice:  Undefined variable: text_report_affiliate in D:\Apache24\htdocs\web1\admin\view\template\common\menu.tpl on line 196
2016-02-09 17:34:38 - PHP Notice:  Undefined variable: report_affiliate_activity in D:\Apache24\htdocs\web1\admin\view\template\common\menu.tpl on line 197
2016-02-09 17:34:38 - PHP Notice:  Undefined variable: text_report_affiliate_activity in D:\Apache24\htdocs\web1\admin\view\template\common\menu.tpl on line 197
2016-02-09 17:36:24 - PHP Notice:  Undefined variable: alerts in D:\Apache24\htdocs\web1\admin\view\template\common\header.tpl on line 45
2016-02-09 17:36:24 - PHP Notice:  Undefined variable: text_affiliate in D:\Apache24\htdocs\web1\admin\view\template\common\header.tpl on line 60
2016-02-09 17:36:24 - PHP Notice:  Undefined variable: affiliate_approval in D:\Apache24\htdocs\web1\admin\view\template\common\header.tpl on line 61
2016-02-09 17:36:24 - PHP Notice:  Undefined variable: affiliate_total in D:\Apache24\htdocs\web1\admin\view\template\common\header.tpl on line 61
2016-02-09 17:36:24 - PHP Notice:  Undefined variable: affiliate in D:\Apache24\htdocs\web1\admin\view\template\common\menu.tpl on line 116
2016-02-09 17:36:24 - PHP Notice:  Undefined variable: text_affiliate in D:\Apache24\htdocs\web1\admin\view\template\common\menu.tpl on line 116
2016-02-09 17:36:24 - PHP Notice:  Undefined variable: report_affiliate in D:\Apache24\htdocs\web1\admin\view\template\common\menu.tpl on line 196
2016-02-09 17:36:24 - PHP Notice:  Undefined variable: text_report_affiliate in D:\Apache24\htdocs\web1\admin\view\template\common\menu.tpl on line 196
2016-02-09 17:36:24 - PHP Notice:  Undefined variable: report_affiliate_activity in D:\Apache24\htdocs\web1\admin\view\template\common\menu.tpl on line 197
2016-02-09 17:36:24 - PHP Notice:  Undefined variable: text_report_affiliate_activity in D:\Apache24\htdocs\web1\admin\view\template\common\menu.tpl on line 197
2016-02-09 17:36:44 - PHP Notice:  Undefined variable: alerts in D:\Apache24\htdocs\web1\admin\view\template\common\header.tpl on line 45
2016-02-09 17:36:44 - PHP Notice:  Undefined variable: text_affiliate in D:\Apache24\htdocs\web1\admin\view\template\common\header.tpl on line 60
2016-02-09 17:36:44 - PHP Notice:  Undefined variable: affiliate_approval in D:\Apache24\htdocs\web1\admin\view\template\common\header.tpl on line 61
2016-02-09 17:36:44 - PHP Notice:  Undefined variable: affiliate_total in D:\Apache24\htdocs\web1\admin\view\template\common\header.tpl on line 61
2016-02-09 17:36:44 - PHP Notice:  Undefined variable: affiliate in D:\Apache24\htdocs\web1\admin\view\template\common\menu.tpl on line 116
2016-02-09 17:36:45 - PHP Notice:  Undefined variable: text_affiliate in D:\Apache24\htdocs\web1\admin\view\template\common\menu.tpl on line 116
2016-02-09 17:36:45 - PHP Notice:  Undefined variable: report_affiliate in D:\Apache24\htdocs\web1\admin\view\template\common\menu.tpl on line 196
2016-02-09 17:36:45 - PHP Notice:  Undefined variable: text_report_affiliate in D:\Apache24\htdocs\web1\admin\view\template\common\menu.tpl on line 196
2016-02-09 17:36:45 - PHP Notice:  Undefined variable: report_affiliate_activity in D:\Apache24\htdocs\web1\admin\view\template\common\menu.tpl on line 197
2016-02-09 17:36:45 - PHP Notice:  Undefined variable: text_report_affiliate_activity in D:\Apache24\htdocs\web1\admin\view\template\common\menu.tpl on line 197
2016-02-09 17:36:48 - PHP Notice:  Undefined variable: alerts in D:\Apache24\htdocs\web1\admin\view\template\common\header.tpl on line 45
2016-02-09 17:36:48 - PHP Notice:  Undefined variable: text_affiliate in D:\Apache24\htdocs\web1\admin\view\template\common\header.tpl on line 60
2016-02-09 17:36:48 - PHP Notice:  Undefined variable: affiliate_approval in D:\Apache24\htdocs\web1\admin\view\template\common\header.tpl on line 61
2016-02-09 17:36:48 - PHP Notice:  Undefined variable: affiliate_total in D:\Apache24\htdocs\web1\admin\view\template\common\header.tpl on line 61
2016-02-09 17:36:48 - PHP Notice:  Undefined variable: affiliate in D:\Apache24\htdocs\web1\admin\view\template\common\menu.tpl on line 116
2016-02-09 17:36:48 - PHP Notice:  Undefined variable: text_affiliate in D:\Apache24\htdocs\web1\admin\view\template\common\menu.tpl on line 116
2016-02-09 17:36:48 - PHP Notice:  Undefined variable: report_affiliate in D:\Apache24\htdocs\web1\admin\view\template\common\menu.tpl on line 196
2016-02-09 17:36:48 - PHP Notice:  Undefined variable: text_report_affiliate in D:\Apache24\htdocs\web1\admin\view\template\common\menu.tpl on line 196
2016-02-09 17:36:48 - PHP Notice:  Undefined variable: report_affiliate_activity in D:\Apache24\htdocs\web1\admin\view\template\common\menu.tpl on line 197
2016-02-09 17:36:48 - PHP Notice:  Undefined variable: text_report_affiliate_activity in D:\Apache24\htdocs\web1\admin\view\template\common\menu.tpl on line 197
2016-02-09 17:36:52 - PHP Notice:  Undefined variable: alerts in D:\Apache24\htdocs\web1\admin\view\template\common\header.tpl on line 45
2016-02-09 17:36:52 - PHP Notice:  Undefined variable: text_affiliate in D:\Apache24\htdocs\web1\admin\view\template\common\header.tpl on line 60
2016-02-09 17:36:52 - PHP Notice:  Undefined variable: affiliate_approval in D:\Apache24\htdocs\web1\admin\view\template\common\header.tpl on line 61
2016-02-09 17:36:52 - PHP Notice:  Undefined variable: affiliate_total in D:\Apache24\htdocs\web1\admin\view\template\common\header.tpl on line 61
2016-02-09 17:36:52 - PHP Notice:  Undefined variable: affiliate in D:\Apache24\htdocs\web1\admin\view\template\common\menu.tpl on line 116
2016-02-09 17:36:52 - PHP Notice:  Undefined variable: text_affiliate in D:\Apache24\htdocs\web1\admin\view\template\common\menu.tpl on line 116
2016-02-09 17:36:52 - PHP Notice:  Undefined variable: report_affiliate in D:\Apache24\htdocs\web1\admin\view\template\common\menu.tpl on line 196
2016-02-09 17:36:52 - PHP Notice:  Undefined variable: text_report_affiliate in D:\Apache24\htdocs\web1\admin\view\template\common\menu.tpl on line 196
2016-02-09 17:36:52 - PHP Notice:  Undefined variable: report_affiliate_activity in D:\Apache24\htdocs\web1\admin\view\template\common\menu.tpl on line 197
2016-02-09 17:36:52 - PHP Notice:  Undefined variable: text_report_affiliate_activity in D:\Apache24\htdocs\web1\admin\view\template\common\menu.tpl on line 197
2016-02-09 17:37:08 - PHP Notice:  Undefined variable: alerts in D:\Apache24\htdocs\web1\admin\view\template\common\header.tpl on line 45
2016-02-09 17:37:08 - PHP Notice:  Undefined variable: text_affiliate in D:\Apache24\htdocs\web1\admin\view\template\common\header.tpl on line 60
2016-02-09 17:37:08 - PHP Notice:  Undefined variable: affiliate_approval in D:\Apache24\htdocs\web1\admin\view\template\common\header.tpl on line 61
2016-02-09 17:37:08 - PHP Notice:  Undefined variable: affiliate_total in D:\Apache24\htdocs\web1\admin\view\template\common\header.tpl on line 61
2016-02-09 17:37:08 - PHP Notice:  Undefined variable: affiliate in D:\Apache24\htdocs\web1\admin\view\template\common\menu.tpl on line 116
2016-02-09 17:37:08 - PHP Notice:  Undefined variable: text_affiliate in D:\Apache24\htdocs\web1\admin\view\template\common\menu.tpl on line 116
2016-02-09 17:37:08 - PHP Notice:  Undefined variable: report_affiliate in D:\Apache24\htdocs\web1\admin\view\template\common\menu.tpl on line 196
2016-02-09 17:37:08 - PHP Notice:  Undefined variable: text_report_affiliate in D:\Apache24\htdocs\web1\admin\view\template\common\menu.tpl on line 196
2016-02-09 17:37:08 - PHP Notice:  Undefined variable: report_affiliate_activity in D:\Apache24\htdocs\web1\admin\view\template\common\menu.tpl on line 197
2016-02-09 17:37:08 - PHP Notice:  Undefined variable: text_report_affiliate_activity in D:\Apache24\htdocs\web1\admin\view\template\common\menu.tpl on line 197
2016-02-09 17:38:26 - PHP Notice:  Undefined variable: alerts in D:\Apache24\htdocs\web1\admin\view\template\common\header.tpl on line 45
2016-02-09 17:38:26 - PHP Notice:  Undefined variable: text_affiliate in D:\Apache24\htdocs\web1\admin\view\template\common\header.tpl on line 60
2016-02-09 17:38:26 - PHP Notice:  Undefined variable: affiliate_approval in D:\Apache24\htdocs\web1\admin\view\template\common\header.tpl on line 61
2016-02-09 17:38:26 - PHP Notice:  Undefined variable: affiliate_total in D:\Apache24\htdocs\web1\admin\view\template\common\header.tpl on line 61
2016-02-09 17:38:26 - PHP Notice:  Undefined variable: affiliate in D:\Apache24\htdocs\web1\admin\view\template\common\menu.tpl on line 116
2016-02-09 17:38:26 - PHP Notice:  Undefined variable: text_affiliate in D:\Apache24\htdocs\web1\admin\view\template\common\menu.tpl on line 116
2016-02-09 17:38:26 - PHP Notice:  Undefined variable: report_affiliate in D:\Apache24\htdocs\web1\admin\view\template\common\menu.tpl on line 196
2016-02-09 17:38:26 - PHP Notice:  Undefined variable: text_report_affiliate in D:\Apache24\htdocs\web1\admin\view\template\common\menu.tpl on line 196
2016-02-09 17:38:26 - PHP Notice:  Undefined variable: report_affiliate_activity in D:\Apache24\htdocs\web1\admin\view\template\common\menu.tpl on line 197
2016-02-09 17:38:26 - PHP Notice:  Undefined variable: text_report_affiliate_activity in D:\Apache24\htdocs\web1\admin\view\template\common\menu.tpl on line 197
2016-02-09 17:39:56 - PHP Notice:  Undefined variable: alerts in D:\Apache24\htdocs\web1\admin\view\template\common\header.tpl on line 45
2016-02-09 17:39:56 - PHP Notice:  Undefined variable: text_affiliate in D:\Apache24\htdocs\web1\admin\view\template\common\header.tpl on line 60
2016-02-09 17:39:56 - PHP Notice:  Undefined variable: affiliate_approval in D:\Apache24\htdocs\web1\admin\view\template\common\header.tpl on line 61
2016-02-09 17:39:56 - PHP Notice:  Undefined variable: affiliate_total in D:\Apache24\htdocs\web1\admin\view\template\common\header.tpl on line 61
2016-02-09 17:39:56 - PHP Notice:  Undefined variable: affiliate in D:\Apache24\htdocs\web1\admin\view\template\common\menu.tpl on line 116
2016-02-09 17:39:56 - PHP Notice:  Undefined variable: text_affiliate in D:\Apache24\htdocs\web1\admin\view\template\common\menu.tpl on line 116
2016-02-09 17:39:56 - PHP Notice:  Undefined variable: report_affiliate in D:\Apache24\htdocs\web1\admin\view\template\common\menu.tpl on line 196
2016-02-09 17:39:56 - PHP Notice:  Undefined variable: text_report_affiliate in D:\Apache24\htdocs\web1\admin\view\template\common\menu.tpl on line 196
2016-02-09 17:39:56 - PHP Notice:  Undefined variable: report_affiliate_activity in D:\Apache24\htdocs\web1\admin\view\template\common\menu.tpl on line 197
2016-02-09 17:39:56 - PHP Notice:  Undefined variable: text_report_affiliate_activity in D:\Apache24\htdocs\web1\admin\view\template\common\menu.tpl on line 197
2016-02-09 17:40:02 - PHP Notice:  Undefined variable: alerts in D:\Apache24\htdocs\web1\admin\view\template\common\header.tpl on line 45
2016-02-09 17:40:02 - PHP Notice:  Undefined variable: text_affiliate in D:\Apache24\htdocs\web1\admin\view\template\common\header.tpl on line 60
2016-02-09 17:40:02 - PHP Notice:  Undefined variable: affiliate_approval in D:\Apache24\htdocs\web1\admin\view\template\common\header.tpl on line 61
2016-02-09 17:40:02 - PHP Notice:  Undefined variable: affiliate_total in D:\Apache24\htdocs\web1\admin\view\template\common\header.tpl on line 61
2016-02-09 17:40:02 - PHP Notice:  Undefined variable: affiliate in D:\Apache24\htdocs\web1\admin\view\template\common\menu.tpl on line 116
2016-02-09 17:40:02 - PHP Notice:  Undefined variable: text_affiliate in D:\Apache24\htdocs\web1\admin\view\template\common\menu.tpl on line 116
2016-02-09 17:40:02 - PHP Notice:  Undefined variable: report_affiliate in D:\Apache24\htdocs\web1\admin\view\template\common\menu.tpl on line 196
2016-02-09 17:40:02 - PHP Notice:  Undefined variable: text_report_affiliate in D:\Apache24\htdocs\web1\admin\view\template\common\menu.tpl on line 196
2016-02-09 17:40:02 - PHP Notice:  Undefined variable: report_affiliate_activity in D:\Apache24\htdocs\web1\admin\view\template\common\menu.tpl on line 197
2016-02-09 17:40:02 - PHP Notice:  Undefined variable: text_report_affiliate_activity in D:\Apache24\htdocs\web1\admin\view\template\common\menu.tpl on line 197
2016-02-09 17:40:53 - PHP Notice:  Undefined variable: alerts in D:\Apache24\htdocs\web1\admin\view\template\common\header.tpl on line 45
2016-02-09 17:40:53 - PHP Notice:  Undefined variable: text_affiliate in D:\Apache24\htdocs\web1\admin\view\template\common\header.tpl on line 60
2016-02-09 17:40:53 - PHP Notice:  Undefined variable: affiliate_approval in D:\Apache24\htdocs\web1\admin\view\template\common\header.tpl on line 61
2016-02-09 17:40:53 - PHP Notice:  Undefined variable: affiliate_total in D:\Apache24\htdocs\web1\admin\view\template\common\header.tpl on line 61
2016-02-09 17:40:53 - PHP Notice:  Undefined variable: affiliate in D:\Apache24\htdocs\web1\admin\view\template\common\menu.tpl on line 116
2016-02-09 17:40:53 - PHP Notice:  Undefined variable: text_affiliate in D:\Apache24\htdocs\web1\admin\view\template\common\menu.tpl on line 116
2016-02-09 17:40:53 - PHP Notice:  Undefined variable: report_affiliate in D:\Apache24\htdocs\web1\admin\view\template\common\menu.tpl on line 196
2016-02-09 17:40:53 - PHP Notice:  Undefined variable: text_report_affiliate in D:\Apache24\htdocs\web1\admin\view\template\common\menu.tpl on line 196
2016-02-09 17:40:53 - PHP Notice:  Undefined variable: report_affiliate_activity in D:\Apache24\htdocs\web1\admin\view\template\common\menu.tpl on line 197
2016-02-09 17:40:53 - PHP Notice:  Undefined variable: text_report_affiliate_activity in D:\Apache24\htdocs\web1\admin\view\template\common\menu.tpl on line 197
2016-02-09 17:41:03 - PHP Notice:  Undefined variable: alerts in D:\Apache24\htdocs\web1\admin\view\template\common\header.tpl on line 45
2016-02-09 17:41:03 - PHP Notice:  Undefined variable: text_affiliate in D:\Apache24\htdocs\web1\admin\view\template\common\header.tpl on line 60
2016-02-09 17:41:03 - PHP Notice:  Undefined variable: affiliate_approval in D:\Apache24\htdocs\web1\admin\view\template\common\header.tpl on line 61
2016-02-09 17:41:03 - PHP Notice:  Undefined variable: affiliate_total in D:\Apache24\htdocs\web1\admin\view\template\common\header.tpl on line 61
2016-02-09 17:41:03 - PHP Notice:  Undefined variable: affiliate in D:\Apache24\htdocs\web1\admin\view\template\common\menu.tpl on line 116
2016-02-09 17:41:03 - PHP Notice:  Undefined variable: text_affiliate in D:\Apache24\htdocs\web1\admin\view\template\common\menu.tpl on line 116
2016-02-09 17:41:03 - PHP Notice:  Undefined variable: report_affiliate in D:\Apache24\htdocs\web1\admin\view\template\common\menu.tpl on line 196
2016-02-09 17:41:03 - PHP Notice:  Undefined variable: text_report_affiliate in D:\Apache24\htdocs\web1\admin\view\template\common\menu.tpl on line 196
2016-02-09 17:41:03 - PHP Notice:  Undefined variable: report_affiliate_activity in D:\Apache24\htdocs\web1\admin\view\template\common\menu.tpl on line 197
2016-02-09 17:41:03 - PHP Notice:  Undefined variable: text_report_affiliate_activity in D:\Apache24\htdocs\web1\admin\view\template\common\menu.tpl on line 197
2016-02-09 17:41:12 - PHP Notice:  Undefined variable: alerts in D:\Apache24\htdocs\web1\admin\view\template\common\header.tpl on line 45
2016-02-09 17:41:12 - PHP Notice:  Undefined variable: text_affiliate in D:\Apache24\htdocs\web1\admin\view\template\common\header.tpl on line 60
2016-02-09 17:41:12 - PHP Notice:  Undefined variable: affiliate_approval in D:\Apache24\htdocs\web1\admin\view\template\common\header.tpl on line 61
2016-02-09 17:41:12 - PHP Notice:  Undefined variable: affiliate_total in D:\Apache24\htdocs\web1\admin\view\template\common\header.tpl on line 61
2016-02-09 17:41:12 - PHP Notice:  Undefined variable: affiliate in D:\Apache24\htdocs\web1\admin\view\template\common\menu.tpl on line 116
2016-02-09 17:41:12 - PHP Notice:  Undefined variable: text_affiliate in D:\Apache24\htdocs\web1\admin\view\template\common\menu.tpl on line 116
2016-02-09 17:41:12 - PHP Notice:  Undefined variable: report_affiliate in D:\Apache24\htdocs\web1\admin\view\template\common\menu.tpl on line 196
2016-02-09 17:41:12 - PHP Notice:  Undefined variable: text_report_affiliate in D:\Apache24\htdocs\web1\admin\view\template\common\menu.tpl on line 196
2016-02-09 17:41:12 - PHP Notice:  Undefined variable: report_affiliate_activity in D:\Apache24\htdocs\web1\admin\view\template\common\menu.tpl on line 197
2016-02-09 17:41:12 - PHP Notice:  Undefined variable: text_report_affiliate_activity in D:\Apache24\htdocs\web1\admin\view\template\common\menu.tpl on line 197
2016-02-09 17:47:50 - PHP Notice:  Undefined variable: alerts in D:\Apache24\htdocs\web1\admin\view\template\common\header.tpl on line 45
2016-02-09 17:47:50 - PHP Notice:  Undefined variable: text_affiliate in D:\Apache24\htdocs\web1\admin\view\template\common\header.tpl on line 60
2016-02-09 17:47:50 - PHP Notice:  Undefined variable: affiliate_approval in D:\Apache24\htdocs\web1\admin\view\template\common\header.tpl on line 61
2016-02-09 17:47:50 - PHP Notice:  Undefined variable: affiliate_total in D:\Apache24\htdocs\web1\admin\view\template\common\header.tpl on line 61
2016-02-09 17:47:50 - PHP Notice:  Undefined variable: affiliate in D:\Apache24\htdocs\web1\admin\view\template\common\menu.tpl on line 116
2016-02-09 17:47:50 - PHP Notice:  Undefined variable: text_affiliate in D:\Apache24\htdocs\web1\admin\view\template\common\menu.tpl on line 116
2016-02-09 17:47:50 - PHP Notice:  Undefined variable: report_affiliate in D:\Apache24\htdocs\web1\admin\view\template\common\menu.tpl on line 196
2016-02-09 17:47:50 - PHP Notice:  Undefined variable: text_report_affiliate in D:\Apache24\htdocs\web1\admin\view\template\common\menu.tpl on line 196
2016-02-09 17:47:50 - PHP Notice:  Undefined variable: report_affiliate_activity in D:\Apache24\htdocs\web1\admin\view\template\common\menu.tpl on line 197
2016-02-09 17:47:50 - PHP Notice:  Undefined variable: text_report_affiliate_activity in D:\Apache24\htdocs\web1\admin\view\template\common\menu.tpl on line 197
2016-02-09 17:56:09 - PHP Notice:  Undefined variable: text_affiliate in D:\Apache24\htdocs\web1\admin\view\template\common\header.tpl on line 60
2016-02-09 17:56:09 - PHP Notice:  Undefined variable: affiliate_approval in D:\Apache24\htdocs\web1\admin\view\template\common\header.tpl on line 61
2016-02-09 17:56:09 - PHP Notice:  Undefined variable: affiliate_total in D:\Apache24\htdocs\web1\admin\view\template\common\header.tpl on line 61
2016-02-09 17:56:09 - PHP Notice:  Undefined variable: affiliate in D:\Apache24\htdocs\web1\admin\view\template\common\menu.tpl on line 116
2016-02-09 17:56:09 - PHP Notice:  Undefined variable: text_affiliate in D:\Apache24\htdocs\web1\admin\view\template\common\menu.tpl on line 116
2016-02-09 17:56:09 - PHP Notice:  Undefined variable: report_affiliate in D:\Apache24\htdocs\web1\admin\view\template\common\menu.tpl on line 196
2016-02-09 17:56:09 - PHP Notice:  Undefined variable: text_report_affiliate in D:\Apache24\htdocs\web1\admin\view\template\common\menu.tpl on line 196
2016-02-09 17:56:09 - PHP Notice:  Undefined variable: report_affiliate_activity in D:\Apache24\htdocs\web1\admin\view\template\common\menu.tpl on line 197
2016-02-09 17:56:09 - PHP Notice:  Undefined variable: text_report_affiliate_activity in D:\Apache24\htdocs\web1\admin\view\template\common\menu.tpl on line 197
2016-02-09 17:56:17 - PHP Notice:  Undefined variable: text_affiliate in D:\Apache24\htdocs\web1\admin\view\template\common\header.tpl on line 60
2016-02-09 17:56:17 - PHP Notice:  Undefined variable: affiliate_approval in D:\Apache24\htdocs\web1\admin\view\template\common\header.tpl on line 61
2016-02-09 17:56:17 - PHP Notice:  Undefined variable: affiliate_total in D:\Apache24\htdocs\web1\admin\view\template\common\header.tpl on line 61
2016-02-09 17:56:17 - PHP Notice:  Undefined variable: affiliate in D:\Apache24\htdocs\web1\admin\view\template\common\menu.tpl on line 116
2016-02-09 17:56:17 - PHP Notice:  Undefined variable: text_affiliate in D:\Apache24\htdocs\web1\admin\view\template\common\menu.tpl on line 116
2016-02-09 17:56:17 - PHP Notice:  Undefined variable: report_affiliate in D:\Apache24\htdocs\web1\admin\view\template\common\menu.tpl on line 196
2016-02-09 17:56:17 - PHP Notice:  Undefined variable: text_report_affiliate in D:\Apache24\htdocs\web1\admin\view\template\common\menu.tpl on line 196
2016-02-09 17:56:17 - PHP Notice:  Undefined variable: report_affiliate_activity in D:\Apache24\htdocs\web1\admin\view\template\common\menu.tpl on line 197
2016-02-09 17:56:17 - PHP Notice:  Undefined variable: text_report_affiliate_activity in D:\Apache24\htdocs\web1\admin\view\template\common\menu.tpl on line 197
2016-02-09 17:56:38 - PHP Notice:  Undefined variable: text_affiliate in D:\Apache24\htdocs\web1\admin\view\template\common\header.tpl on line 60
2016-02-09 17:56:38 - PHP Notice:  Undefined variable: affiliate_approval in D:\Apache24\htdocs\web1\admin\view\template\common\header.tpl on line 61
2016-02-09 17:56:38 - PHP Notice:  Undefined variable: affiliate_total in D:\Apache24\htdocs\web1\admin\view\template\common\header.tpl on line 61
2016-02-09 17:56:38 - PHP Notice:  Undefined variable: affiliate in D:\Apache24\htdocs\web1\admin\view\template\common\menu.tpl on line 116
2016-02-09 17:56:38 - PHP Notice:  Undefined variable: text_affiliate in D:\Apache24\htdocs\web1\admin\view\template\common\menu.tpl on line 116
2016-02-09 17:56:38 - PHP Notice:  Undefined variable: report_affiliate in D:\Apache24\htdocs\web1\admin\view\template\common\menu.tpl on line 196
2016-02-09 17:56:38 - PHP Notice:  Undefined variable: text_report_affiliate in D:\Apache24\htdocs\web1\admin\view\template\common\menu.tpl on line 196
2016-02-09 17:56:38 - PHP Notice:  Undefined variable: report_affiliate_activity in D:\Apache24\htdocs\web1\admin\view\template\common\menu.tpl on line 197
2016-02-09 17:56:38 - PHP Notice:  Undefined variable: text_report_affiliate_activity in D:\Apache24\htdocs\web1\admin\view\template\common\menu.tpl on line 197
2016-02-09 17:56:43 - PHP Notice:  Undefined variable: text_affiliate in D:\Apache24\htdocs\web1\admin\view\template\common\header.tpl on line 60
2016-02-09 17:56:43 - PHP Notice:  Undefined variable: affiliate_approval in D:\Apache24\htdocs\web1\admin\view\template\common\header.tpl on line 61
2016-02-09 17:56:43 - PHP Notice:  Undefined variable: affiliate_total in D:\Apache24\htdocs\web1\admin\view\template\common\header.tpl on line 61
2016-02-09 17:56:43 - PHP Notice:  Undefined variable: affiliate in D:\Apache24\htdocs\web1\admin\view\template\common\menu.tpl on line 116
2016-02-09 17:56:43 - PHP Notice:  Undefined variable: text_affiliate in D:\Apache24\htdocs\web1\admin\view\template\common\menu.tpl on line 116
2016-02-09 17:56:43 - PHP Notice:  Undefined variable: report_affiliate in D:\Apache24\htdocs\web1\admin\view\template\common\menu.tpl on line 196
2016-02-09 17:56:43 - PHP Notice:  Undefined variable: text_report_affiliate in D:\Apache24\htdocs\web1\admin\view\template\common\menu.tpl on line 196
2016-02-09 17:56:43 - PHP Notice:  Undefined variable: report_affiliate_activity in D:\Apache24\htdocs\web1\admin\view\template\common\menu.tpl on line 197
2016-02-09 17:56:43 - PHP Notice:  Undefined variable: text_report_affiliate_activity in D:\Apache24\htdocs\web1\admin\view\template\common\menu.tpl on line 197
2016-02-09 17:56:47 - PHP Notice:  Undefined variable: text_affiliate in D:\Apache24\htdocs\web1\admin\view\template\common\header.tpl on line 60
2016-02-09 17:56:47 - PHP Notice:  Undefined variable: affiliate_approval in D:\Apache24\htdocs\web1\admin\view\template\common\header.tpl on line 61
2016-02-09 17:56:47 - PHP Notice:  Undefined variable: affiliate_total in D:\Apache24\htdocs\web1\admin\view\template\common\header.tpl on line 61
2016-02-09 17:56:47 - PHP Notice:  Undefined variable: affiliate in D:\Apache24\htdocs\web1\admin\view\template\common\menu.tpl on line 116
2016-02-09 17:56:47 - PHP Notice:  Undefined variable: text_affiliate in D:\Apache24\htdocs\web1\admin\view\template\common\menu.tpl on line 116
2016-02-09 17:56:47 - PHP Notice:  Undefined variable: report_affiliate in D:\Apache24\htdocs\web1\admin\view\template\common\menu.tpl on line 196
2016-02-09 17:56:47 - PHP Notice:  Undefined variable: text_report_affiliate in D:\Apache24\htdocs\web1\admin\view\template\common\menu.tpl on line 196
2016-02-09 17:56:47 - PHP Notice:  Undefined variable: report_affiliate_activity in D:\Apache24\htdocs\web1\admin\view\template\common\menu.tpl on line 197
2016-02-09 17:56:47 - PHP Notice:  Undefined variable: text_report_affiliate_activity in D:\Apache24\htdocs\web1\admin\view\template\common\menu.tpl on line 197
2016-02-09 17:56:52 - PHP Notice:  Undefined variable: text_affiliate in D:\Apache24\htdocs\web1\admin\view\template\common\header.tpl on line 60
2016-02-09 17:56:52 - PHP Notice:  Undefined variable: affiliate_approval in D:\Apache24\htdocs\web1\admin\view\template\common\header.tpl on line 61
2016-02-09 17:56:52 - PHP Notice:  Undefined variable: affiliate_total in D:\Apache24\htdocs\web1\admin\view\template\common\header.tpl on line 61
2016-02-09 17:56:52 - PHP Notice:  Undefined variable: affiliate in D:\Apache24\htdocs\web1\admin\view\template\common\menu.tpl on line 116
2016-02-09 17:56:52 - PHP Notice:  Undefined variable: text_affiliate in D:\Apache24\htdocs\web1\admin\view\template\common\menu.tpl on line 116
2016-02-09 17:56:52 - PHP Notice:  Undefined variable: report_affiliate in D:\Apache24\htdocs\web1\admin\view\template\common\menu.tpl on line 196
2016-02-09 17:56:52 - PHP Notice:  Undefined variable: text_report_affiliate in D:\Apache24\htdocs\web1\admin\view\template\common\menu.tpl on line 196
2016-02-09 17:56:52 - PHP Notice:  Undefined variable: report_affiliate_activity in D:\Apache24\htdocs\web1\admin\view\template\common\menu.tpl on line 197
2016-02-09 17:56:52 - PHP Notice:  Undefined variable: text_report_affiliate_activity in D:\Apache24\htdocs\web1\admin\view\template\common\menu.tpl on line 197
2016-02-09 17:57:03 - PHP Notice:  Undefined variable: text_affiliate in D:\Apache24\htdocs\web1\admin\view\template\common\header.tpl on line 60
2016-02-09 17:57:03 - PHP Notice:  Undefined variable: affiliate_approval in D:\Apache24\htdocs\web1\admin\view\template\common\header.tpl on line 61
2016-02-09 17:57:03 - PHP Notice:  Undefined variable: affiliate_total in D:\Apache24\htdocs\web1\admin\view\template\common\header.tpl on line 61
2016-02-09 17:57:03 - PHP Notice:  Undefined variable: affiliate in D:\Apache24\htdocs\web1\admin\view\template\common\menu.tpl on line 116
2016-02-09 17:57:03 - PHP Notice:  Undefined variable: text_affiliate in D:\Apache24\htdocs\web1\admin\view\template\common\menu.tpl on line 116
2016-02-09 17:57:03 - PHP Notice:  Undefined variable: report_affiliate in D:\Apache24\htdocs\web1\admin\view\template\common\menu.tpl on line 196
2016-02-09 17:57:03 - PHP Notice:  Undefined variable: text_report_affiliate in D:\Apache24\htdocs\web1\admin\view\template\common\menu.tpl on line 196
2016-02-09 17:57:03 - PHP Notice:  Undefined variable: report_affiliate_activity in D:\Apache24\htdocs\web1\admin\view\template\common\menu.tpl on line 197
2016-02-09 17:57:03 - PHP Notice:  Undefined variable: text_report_affiliate_activity in D:\Apache24\htdocs\web1\admin\view\template\common\menu.tpl on line 197
2016-02-09 17:57:12 - PHP Notice:  Undefined variable: text_affiliate in D:\Apache24\htdocs\web1\admin\view\template\common\header.tpl on line 60
2016-02-09 17:57:12 - PHP Notice:  Undefined variable: affiliate_approval in D:\Apache24\htdocs\web1\admin\view\template\common\header.tpl on line 61
2016-02-09 17:57:12 - PHP Notice:  Undefined variable: affiliate_total in D:\Apache24\htdocs\web1\admin\view\template\common\header.tpl on line 61
2016-02-09 17:57:12 - PHP Notice:  Undefined variable: affiliate in D:\Apache24\htdocs\web1\admin\view\template\common\menu.tpl on line 116
2016-02-09 17:57:12 - PHP Notice:  Undefined variable: text_affiliate in D:\Apache24\htdocs\web1\admin\view\template\common\menu.tpl on line 116
2016-02-09 17:57:12 - PHP Notice:  Undefined variable: report_affiliate in D:\Apache24\htdocs\web1\admin\view\template\common\menu.tpl on line 196
2016-02-09 17:57:12 - PHP Notice:  Undefined variable: text_report_affiliate in D:\Apache24\htdocs\web1\admin\view\template\common\menu.tpl on line 196
2016-02-09 17:57:12 - PHP Notice:  Undefined variable: report_affiliate_activity in D:\Apache24\htdocs\web1\admin\view\template\common\menu.tpl on line 197
2016-02-09 17:57:12 - PHP Notice:  Undefined variable: text_report_affiliate_activity in D:\Apache24\htdocs\web1\admin\view\template\common\menu.tpl on line 197
2016-02-09 17:57:29 - PHP Notice:  Undefined variable: text_affiliate in D:\Apache24\htdocs\web1\admin\view\template\common\header.tpl on line 60
2016-02-09 17:57:29 - PHP Notice:  Undefined variable: affiliate_approval in D:\Apache24\htdocs\web1\admin\view\template\common\header.tpl on line 61
2016-02-09 17:57:29 - PHP Notice:  Undefined variable: affiliate_total in D:\Apache24\htdocs\web1\admin\view\template\common\header.tpl on line 61
2016-02-09 17:57:29 - PHP Notice:  Undefined variable: affiliate in D:\Apache24\htdocs\web1\admin\view\template\common\menu.tpl on line 116
2016-02-09 17:57:29 - PHP Notice:  Undefined variable: text_affiliate in D:\Apache24\htdocs\web1\admin\view\template\common\menu.tpl on line 116
2016-02-09 17:57:29 - PHP Notice:  Undefined variable: report_affiliate in D:\Apache24\htdocs\web1\admin\view\template\common\menu.tpl on line 196
2016-02-09 17:57:29 - PHP Notice:  Undefined variable: text_report_affiliate in D:\Apache24\htdocs\web1\admin\view\template\common\menu.tpl on line 196
2016-02-09 17:57:29 - PHP Notice:  Undefined variable: report_affiliate_activity in D:\Apache24\htdocs\web1\admin\view\template\common\menu.tpl on line 197
2016-02-09 17:57:29 - PHP Notice:  Undefined variable: text_report_affiliate_activity in D:\Apache24\htdocs\web1\admin\view\template\common\menu.tpl on line 197
2016-02-09 18:26:21 - PHP Notice:  Undefined variable: text_affiliate in D:\Apache24\htdocs\web1\admin\view\template\common\header.tpl on line 60
2016-02-09 18:26:21 - PHP Notice:  Undefined variable: affiliate_approval in D:\Apache24\htdocs\web1\admin\view\template\common\header.tpl on line 61
2016-02-09 18:26:21 - PHP Notice:  Undefined variable: affiliate_total in D:\Apache24\htdocs\web1\admin\view\template\common\header.tpl on line 61
2016-02-09 18:26:21 - PHP Notice:  Undefined variable: affiliate in D:\Apache24\htdocs\web1\admin\view\template\common\menu.tpl on line 116
2016-02-09 18:26:21 - PHP Notice:  Undefined variable: text_affiliate in D:\Apache24\htdocs\web1\admin\view\template\common\menu.tpl on line 116
2016-02-09 18:26:21 - PHP Notice:  Undefined variable: report_affiliate in D:\Apache24\htdocs\web1\admin\view\template\common\menu.tpl on line 196
2016-02-09 18:26:21 - PHP Notice:  Undefined variable: text_report_affiliate in D:\Apache24\htdocs\web1\admin\view\template\common\menu.tpl on line 196
2016-02-09 18:26:21 - PHP Notice:  Undefined variable: report_affiliate_activity in D:\Apache24\htdocs\web1\admin\view\template\common\menu.tpl on line 197
2016-02-09 18:26:21 - PHP Notice:  Undefined variable: text_report_affiliate_activity in D:\Apache24\htdocs\web1\admin\view\template\common\menu.tpl on line 197
2016-02-09 18:26:25 - PHP Notice:  Undefined variable: text_affiliate in D:\Apache24\htdocs\web1\admin\view\template\common\header.tpl on line 60
2016-02-09 18:26:25 - PHP Notice:  Undefined variable: affiliate_approval in D:\Apache24\htdocs\web1\admin\view\template\common\header.tpl on line 61
2016-02-09 18:26:25 - PHP Notice:  Undefined variable: affiliate_total in D:\Apache24\htdocs\web1\admin\view\template\common\header.tpl on line 61
2016-02-09 18:26:25 - PHP Notice:  Undefined variable: affiliate in D:\Apache24\htdocs\web1\admin\view\template\common\menu.tpl on line 116
2016-02-09 18:26:25 - PHP Notice:  Undefined variable: text_affiliate in D:\Apache24\htdocs\web1\admin\view\template\common\menu.tpl on line 116
2016-02-09 18:26:25 - PHP Notice:  Undefined variable: report_affiliate in D:\Apache24\htdocs\web1\admin\view\template\common\menu.tpl on line 196
2016-02-09 18:26:25 - PHP Notice:  Undefined variable: text_report_affiliate in D:\Apache24\htdocs\web1\admin\view\template\common\menu.tpl on line 196
2016-02-09 18:26:25 - PHP Notice:  Undefined variable: report_affiliate_activity in D:\Apache24\htdocs\web1\admin\view\template\common\menu.tpl on line 197
2016-02-09 18:26:25 - PHP Notice:  Undefined variable: text_report_affiliate_activity in D:\Apache24\htdocs\web1\admin\view\template\common\menu.tpl on line 197
2016-02-09 18:26:26 - PHP Notice:  Error: You have an error in your SQL syntax; check the manual that corresponds to your MariaDB server version for the right syntax to use near '' at line 1<br />Error No: 1064<br />SELECT a.key, a.data, a.date_added FROM ((SELECT CONCAT('customer_', ca.key) AS `key`, ca.data, ca.date_added FROM `oc_customer_activity` ca) a ORDER BY a.date_added DESC LIMIT 0,5 in D:\Apache24\htdocs\web1\system\library\db\mysqli.php on line 41
2016-02-09 18:26:26 - PHP Notice:  Trying to get property of non-object in D:\Apache24\htdocs\web1\admin\model\report\activity.php on line 6
2016-02-09 18:26:26 - PHP Warning:  Invalid argument supplied for foreach() in D:\Apache24\htdocs\web1\admin\controller\dashboard\activity.php on line 18
2016-02-09 18:27:03 - PHP Notice:  Undefined variable: text_affiliate in D:\Apache24\htdocs\web1\admin\view\template\common\header.tpl on line 60
2016-02-09 18:27:03 - PHP Notice:  Undefined variable: affiliate_approval in D:\Apache24\htdocs\web1\admin\view\template\common\header.tpl on line 61
2016-02-09 18:27:03 - PHP Notice:  Undefined variable: affiliate_total in D:\Apache24\htdocs\web1\admin\view\template\common\header.tpl on line 61
2016-02-09 18:27:03 - PHP Notice:  Undefined variable: affiliate in D:\Apache24\htdocs\web1\admin\view\template\common\menu.tpl on line 116
2016-02-09 18:27:03 - PHP Notice:  Undefined variable: text_affiliate in D:\Apache24\htdocs\web1\admin\view\template\common\menu.tpl on line 116
2016-02-09 18:27:03 - PHP Notice:  Undefined variable: report_affiliate in D:\Apache24\htdocs\web1\admin\view\template\common\menu.tpl on line 196
2016-02-09 18:27:03 - PHP Notice:  Undefined variable: text_report_affiliate in D:\Apache24\htdocs\web1\admin\view\template\common\menu.tpl on line 196
2016-02-09 18:27:03 - PHP Notice:  Undefined variable: report_affiliate_activity in D:\Apache24\htdocs\web1\admin\view\template\common\menu.tpl on line 197
2016-02-09 18:27:03 - PHP Notice:  Undefined variable: text_report_affiliate_activity in D:\Apache24\htdocs\web1\admin\view\template\common\menu.tpl on line 197
2016-02-09 18:27:03 - PHP Notice:  Error: You have an error in your SQL syntax; check the manual that corresponds to your MariaDB server version for the right syntax to use near '' at line 1<br />Error No: 1064<br />SELECT a.key, a.data, a.date_added FROM ((SELECT CONCAT('customer_', ca.key) AS `key`, ca.data, ca.date_added FROM `oc_customer_activity` ca) ORDER BY a.date_added DESC LIMIT 0,5 in D:\Apache24\htdocs\web1\system\library\db\mysqli.php on line 41
2016-02-09 18:27:03 - PHP Notice:  Trying to get property of non-object in D:\Apache24\htdocs\web1\admin\model\report\activity.php on line 6
2016-02-09 18:27:03 - PHP Warning:  Invalid argument supplied for foreach() in D:\Apache24\htdocs\web1\admin\controller\dashboard\activity.php on line 18
2016-02-09 18:28:14 - PHP Notice:  Undefined variable: text_affiliate in D:\Apache24\htdocs\web1\admin\view\template\common\header.tpl on line 60
2016-02-09 18:28:14 - PHP Notice:  Undefined variable: affiliate_approval in D:\Apache24\htdocs\web1\admin\view\template\common\header.tpl on line 61
2016-02-09 18:28:14 - PHP Notice:  Undefined variable: affiliate_total in D:\Apache24\htdocs\web1\admin\view\template\common\header.tpl on line 61
2016-02-09 18:28:14 - PHP Notice:  Undefined variable: affiliate in D:\Apache24\htdocs\web1\admin\view\template\common\menu.tpl on line 116
2016-02-09 18:28:14 - PHP Notice:  Undefined variable: text_affiliate in D:\Apache24\htdocs\web1\admin\view\template\common\menu.tpl on line 116
2016-02-09 18:28:14 - PHP Notice:  Undefined variable: report_affiliate in D:\Apache24\htdocs\web1\admin\view\template\common\menu.tpl on line 196
2016-02-09 18:28:14 - PHP Notice:  Undefined variable: text_report_affiliate in D:\Apache24\htdocs\web1\admin\view\template\common\menu.tpl on line 196
2016-02-09 18:28:14 - PHP Notice:  Undefined variable: report_affiliate_activity in D:\Apache24\htdocs\web1\admin\view\template\common\menu.tpl on line 197
2016-02-09 18:28:14 - PHP Notice:  Undefined variable: text_report_affiliate_activity in D:\Apache24\htdocs\web1\admin\view\template\common\menu.tpl on line 197
2016-02-09 18:28:14 - PHP Notice:  Error: Every derived table must have its own alias<br />Error No: 1248<br />SELECT a.key, a.data, a.date_added FROM ((SELECT CONCAT('customer_', ca.key) AS `key`, ca.data, ca.date_added FROM `oc_customer_activity` ca)) ORDER BY a.date_added DESC LIMIT 0,5 in D:\Apache24\htdocs\web1\system\library\db\mysqli.php on line 41
2016-02-09 18:28:14 - PHP Notice:  Trying to get property of non-object in D:\Apache24\htdocs\web1\admin\model\report\activity.php on line 6
2016-02-09 18:28:14 - PHP Warning:  Invalid argument supplied for foreach() in D:\Apache24\htdocs\web1\admin\controller\dashboard\activity.php on line 18
2016-02-09 18:28:18 - PHP Notice:  Undefined variable: text_affiliate in D:\Apache24\htdocs\web1\admin\view\template\common\header.tpl on line 60
2016-02-09 18:28:18 - PHP Notice:  Undefined variable: affiliate_approval in D:\Apache24\htdocs\web1\admin\view\template\common\header.tpl on line 61
2016-02-09 18:28:18 - PHP Notice:  Undefined variable: affiliate_total in D:\Apache24\htdocs\web1\admin\view\template\common\header.tpl on line 61
2016-02-09 18:28:18 - PHP Notice:  Undefined variable: affiliate in D:\Apache24\htdocs\web1\admin\view\template\common\menu.tpl on line 116
2016-02-09 18:28:18 - PHP Notice:  Undefined variable: text_affiliate in D:\Apache24\htdocs\web1\admin\view\template\common\menu.tpl on line 116
2016-02-09 18:28:18 - PHP Notice:  Undefined variable: report_affiliate in D:\Apache24\htdocs\web1\admin\view\template\common\menu.tpl on line 196
2016-02-09 18:28:18 - PHP Notice:  Undefined variable: text_report_affiliate in D:\Apache24\htdocs\web1\admin\view\template\common\menu.tpl on line 196
2016-02-09 18:28:18 - PHP Notice:  Undefined variable: report_affiliate_activity in D:\Apache24\htdocs\web1\admin\view\template\common\menu.tpl on line 197
2016-02-09 18:28:18 - PHP Notice:  Undefined variable: text_report_affiliate_activity in D:\Apache24\htdocs\web1\admin\view\template\common\menu.tpl on line 197
2016-02-09 18:28:18 - PHP Notice:  Error: Every derived table must have its own alias<br />Error No: 1248<br />SELECT a.key, a.data, a.date_added FROM ((SELECT CONCAT('customer_', ca.key) AS `key`, ca.data, ca.date_added FROM `oc_customer_activity` ca)) ORDER BY a.date_added DESC LIMIT 0,5 in D:\Apache24\htdocs\web1\system\library\db\mysqli.php on line 41
2016-02-09 18:28:18 - PHP Notice:  Trying to get property of non-object in D:\Apache24\htdocs\web1\admin\model\report\activity.php on line 6
2016-02-09 18:28:18 - PHP Warning:  Invalid argument supplied for foreach() in D:\Apache24\htdocs\web1\admin\controller\dashboard\activity.php on line 18
2016-02-09 18:29:11 - PHP Notice:  Undefined variable: text_affiliate in D:\Apache24\htdocs\web1\admin\view\template\common\header.tpl on line 60
2016-02-09 18:29:11 - PHP Notice:  Undefined variable: affiliate_approval in D:\Apache24\htdocs\web1\admin\view\template\common\header.tpl on line 61
2016-02-09 18:29:11 - PHP Notice:  Undefined variable: affiliate_total in D:\Apache24\htdocs\web1\admin\view\template\common\header.tpl on line 61
2016-02-09 18:29:11 - PHP Notice:  Undefined variable: affiliate in D:\Apache24\htdocs\web1\admin\view\template\common\menu.tpl on line 116
2016-02-09 18:29:11 - PHP Notice:  Undefined variable: text_affiliate in D:\Apache24\htdocs\web1\admin\view\template\common\menu.tpl on line 116
2016-02-09 18:29:11 - PHP Notice:  Undefined variable: report_affiliate in D:\Apache24\htdocs\web1\admin\view\template\common\menu.tpl on line 196
2016-02-09 18:29:11 - PHP Notice:  Undefined variable: text_report_affiliate in D:\Apache24\htdocs\web1\admin\view\template\common\menu.tpl on line 196
2016-02-09 18:29:11 - PHP Notice:  Undefined variable: report_affiliate_activity in D:\Apache24\htdocs\web1\admin\view\template\common\menu.tpl on line 197
2016-02-09 18:29:11 - PHP Notice:  Undefined variable: text_report_affiliate_activity in D:\Apache24\htdocs\web1\admin\view\template\common\menu.tpl on line 197
2016-02-09 18:29:11 - PHP Notice:  Error: You have an error in your SQL syntax; check the manual that corresponds to your MariaDB server version for the right syntax to use near '' at line 1<br />Error No: 1064<br />SELECT a.key, a.data, a.date_added FROM ((SELECT CONCAT('customer_', ca.key) AS `key`, ca.data, ca.date_added FROM `oc_customer_activity` ca) ORDER BY a.date_added DESC LIMIT 0,5 in D:\Apache24\htdocs\web1\system\library\db\mysqli.php on line 41
2016-02-09 18:29:11 - PHP Notice:  Trying to get property of non-object in D:\Apache24\htdocs\web1\admin\model\report\activity.php on line 6
2016-02-09 18:29:11 - PHP Warning:  Invalid argument supplied for foreach() in D:\Apache24\htdocs\web1\admin\controller\dashboard\activity.php on line 18
2016-02-09 18:29:58 - PHP Notice:  Undefined variable: text_affiliate in D:\Apache24\htdocs\web1\admin\view\template\common\header.tpl on line 60
2016-02-09 18:29:58 - PHP Notice:  Undefined variable: affiliate_approval in D:\Apache24\htdocs\web1\admin\view\template\common\header.tpl on line 61
2016-02-09 18:29:58 - PHP Notice:  Undefined variable: affiliate_total in D:\Apache24\htdocs\web1\admin\view\template\common\header.tpl on line 61
2016-02-09 18:29:58 - PHP Notice:  Undefined variable: affiliate in D:\Apache24\htdocs\web1\admin\view\template\common\menu.tpl on line 116
2016-02-09 18:29:58 - PHP Notice:  Undefined variable: text_affiliate in D:\Apache24\htdocs\web1\admin\view\template\common\menu.tpl on line 116
2016-02-09 18:29:58 - PHP Notice:  Undefined variable: report_affiliate in D:\Apache24\htdocs\web1\admin\view\template\common\menu.tpl on line 196
2016-02-09 18:29:58 - PHP Notice:  Undefined variable: text_report_affiliate in D:\Apache24\htdocs\web1\admin\view\template\common\menu.tpl on line 196
2016-02-09 18:29:58 - PHP Notice:  Undefined variable: report_affiliate_activity in D:\Apache24\htdocs\web1\admin\view\template\common\menu.tpl on line 197
2016-02-09 18:29:58 - PHP Notice:  Undefined variable: text_report_affiliate_activity in D:\Apache24\htdocs\web1\admin\view\template\common\menu.tpl on line 197
2016-02-09 18:30:23 - PHP Notice:  Undefined variable: text_affiliate in D:\Apache24\htdocs\web1\admin\view\template\common\header.tpl on line 60
2016-02-09 18:30:23 - PHP Notice:  Undefined variable: affiliate_approval in D:\Apache24\htdocs\web1\admin\view\template\common\header.tpl on line 61
2016-02-09 18:30:23 - PHP Notice:  Undefined variable: affiliate_total in D:\Apache24\htdocs\web1\admin\view\template\common\header.tpl on line 61
2016-02-09 18:30:23 - PHP Notice:  Undefined variable: affiliate in D:\Apache24\htdocs\web1\admin\view\template\common\menu.tpl on line 116
2016-02-09 18:30:23 - PHP Notice:  Undefined variable: text_affiliate in D:\Apache24\htdocs\web1\admin\view\template\common\menu.tpl on line 116
2016-02-09 18:30:23 - PHP Notice:  Undefined variable: report_affiliate in D:\Apache24\htdocs\web1\admin\view\template\common\menu.tpl on line 196
2016-02-09 18:30:23 - PHP Notice:  Undefined variable: text_report_affiliate in D:\Apache24\htdocs\web1\admin\view\template\common\menu.tpl on line 196
2016-02-09 18:30:23 - PHP Notice:  Undefined variable: report_affiliate_activity in D:\Apache24\htdocs\web1\admin\view\template\common\menu.tpl on line 197
2016-02-09 18:30:23 - PHP Notice:  Undefined variable: text_report_affiliate_activity in D:\Apache24\htdocs\web1\admin\view\template\common\menu.tpl on line 197
2016-02-09 18:30:29 - PHP Notice:  Undefined variable: text_affiliate in D:\Apache24\htdocs\web1\admin\view\template\common\header.tpl on line 60
2016-02-09 18:30:29 - PHP Notice:  Undefined variable: affiliate_approval in D:\Apache24\htdocs\web1\admin\view\template\common\header.tpl on line 61
2016-02-09 18:30:29 - PHP Notice:  Undefined variable: affiliate_total in D:\Apache24\htdocs\web1\admin\view\template\common\header.tpl on line 61
2016-02-09 18:30:29 - PHP Notice:  Undefined variable: affiliate in D:\Apache24\htdocs\web1\admin\view\template\common\menu.tpl on line 116
2016-02-09 18:30:29 - PHP Notice:  Undefined variable: text_affiliate in D:\Apache24\htdocs\web1\admin\view\template\common\menu.tpl on line 116
2016-02-09 18:30:29 - PHP Notice:  Undefined variable: report_affiliate in D:\Apache24\htdocs\web1\admin\view\template\common\menu.tpl on line 196
2016-02-09 18:30:29 - PHP Notice:  Undefined variable: text_report_affiliate in D:\Apache24\htdocs\web1\admin\view\template\common\menu.tpl on line 196
2016-02-09 18:30:29 - PHP Notice:  Undefined variable: report_affiliate_activity in D:\Apache24\htdocs\web1\admin\view\template\common\menu.tpl on line 197
2016-02-09 18:30:29 - PHP Notice:  Undefined variable: text_report_affiliate_activity in D:\Apache24\htdocs\web1\admin\view\template\common\menu.tpl on line 197
2016-02-09 18:30:34 - PHP Notice:  Undefined variable: text_affiliate in D:\Apache24\htdocs\web1\admin\view\template\common\header.tpl on line 60
2016-02-09 18:30:34 - PHP Notice:  Undefined variable: affiliate_approval in D:\Apache24\htdocs\web1\admin\view\template\common\header.tpl on line 61
2016-02-09 18:30:34 - PHP Notice:  Undefined variable: affiliate_total in D:\Apache24\htdocs\web1\admin\view\template\common\header.tpl on line 61
2016-02-09 18:30:34 - PHP Notice:  Undefined variable: affiliate in D:\Apache24\htdocs\web1\admin\view\template\common\menu.tpl on line 116
2016-02-09 18:30:34 - PHP Notice:  Undefined variable: text_affiliate in D:\Apache24\htdocs\web1\admin\view\template\common\menu.tpl on line 116
2016-02-09 18:30:34 - PHP Notice:  Undefined variable: report_affiliate in D:\Apache24\htdocs\web1\admin\view\template\common\menu.tpl on line 196
2016-02-09 18:30:34 - PHP Notice:  Undefined variable: text_report_affiliate in D:\Apache24\htdocs\web1\admin\view\template\common\menu.tpl on line 196
2016-02-09 18:30:34 - PHP Notice:  Undefined variable: report_affiliate_activity in D:\Apache24\htdocs\web1\admin\view\template\common\menu.tpl on line 197
2016-02-09 18:30:34 - PHP Notice:  Undefined variable: text_report_affiliate_activity in D:\Apache24\htdocs\web1\admin\view\template\common\menu.tpl on line 197
2016-02-09 23:15:10 - PHP Notice:  Undefined variable: text_affiliate in D:\Apache24\htdocs\web1\admin\view\template\common\header.tpl on line 60
2016-02-09 23:15:10 - PHP Notice:  Undefined variable: affiliate_approval in D:\Apache24\htdocs\web1\admin\view\template\common\header.tpl on line 61
2016-02-09 23:15:10 - PHP Notice:  Undefined variable: affiliate_total in D:\Apache24\htdocs\web1\admin\view\template\common\header.tpl on line 61
2016-02-09 23:15:10 - PHP Notice:  Undefined variable: affiliate in D:\Apache24\htdocs\web1\admin\view\template\common\menu.tpl on line 116
2016-02-09 23:15:10 - PHP Notice:  Undefined variable: text_affiliate in D:\Apache24\htdocs\web1\admin\view\template\common\menu.tpl on line 116
2016-02-09 23:15:10 - PHP Notice:  Undefined variable: report_affiliate in D:\Apache24\htdocs\web1\admin\view\template\common\menu.tpl on line 196
2016-02-09 23:15:10 - PHP Notice:  Undefined variable: text_report_affiliate in D:\Apache24\htdocs\web1\admin\view\template\common\menu.tpl on line 196
2016-02-09 23:15:10 - PHP Notice:  Undefined variable: report_affiliate_activity in D:\Apache24\htdocs\web1\admin\view\template\common\menu.tpl on line 197
2016-02-09 23:15:10 - PHP Notice:  Undefined variable: text_report_affiliate_activity in D:\Apache24\htdocs\web1\admin\view\template\common\menu.tpl on line 197
2016-02-09 23:16:12 - PHP Notice:  Undefined variable: text_affiliate in D:\Apache24\htdocs\web1\admin\view\template\common\header.tpl on line 60
2016-02-09 23:16:12 - PHP Notice:  Undefined variable: affiliate_approval in D:\Apache24\htdocs\web1\admin\view\template\common\header.tpl on line 61
2016-02-09 23:16:12 - PHP Notice:  Undefined variable: affiliate_total in D:\Apache24\htdocs\web1\admin\view\template\common\header.tpl on line 61
2016-02-09 23:16:12 - PHP Notice:  Undefined variable: affiliate in D:\Apache24\htdocs\web1\admin\view\template\common\menu.tpl on line 116
2016-02-09 23:16:12 - PHP Notice:  Undefined variable: text_affiliate in D:\Apache24\htdocs\web1\admin\view\template\common\menu.tpl on line 116
2016-02-09 23:16:12 - PHP Notice:  Undefined variable: report_affiliate in D:\Apache24\htdocs\web1\admin\view\template\common\menu.tpl on line 196
2016-02-09 23:16:12 - PHP Notice:  Undefined variable: text_report_affiliate in D:\Apache24\htdocs\web1\admin\view\template\common\menu.tpl on line 196
2016-02-09 23:16:12 - PHP Notice:  Undefined variable: report_affiliate_activity in D:\Apache24\htdocs\web1\admin\view\template\common\menu.tpl on line 197
2016-02-09 23:16:12 - PHP Notice:  Undefined variable: text_report_affiliate_activity in D:\Apache24\htdocs\web1\admin\view\template\common\menu.tpl on line 197
2016-02-09 23:17:17 - PHP Notice:  Undefined variable: text_affiliate in D:\Apache24\htdocs\web1\catalog\view\theme\default\template\common\footer.tpl on line 27
2016-02-09 23:17:24 - PHP Notice:  Undefined variable: text_affiliate in D:\Apache24\htdocs\web1\catalog\view\theme\default\template\common\footer.tpl on line 27
2016-02-09 23:21:22 - PHP Notice:  Undefined variable: text_affiliate in D:\Apache24\htdocs\web1\catalog\view\theme\default\template\common\footer.tpl on line 27
2016-02-09 23:23:23 - PHP Notice:  Undefined variable: text_affiliate in D:\Apache24\htdocs\web1\catalog\view\theme\default\template\common\footer.tpl on line 27
2016-02-09 23:23:28 - PHP Notice:  Undefined variable: text_affiliate in D:\Apache24\htdocs\web1\admin\view\template\common\header.tpl on line 60
2016-02-09 23:23:28 - PHP Notice:  Undefined variable: affiliate_approval in D:\Apache24\htdocs\web1\admin\view\template\common\header.tpl on line 61
2016-02-09 23:23:28 - PHP Notice:  Undefined variable: affiliate_total in D:\Apache24\htdocs\web1\admin\view\template\common\header.tpl on line 61
2016-02-09 23:23:28 - PHP Notice:  Undefined variable: affiliate in D:\Apache24\htdocs\web1\admin\view\template\common\menu.tpl on line 116
2016-02-09 23:23:28 - PHP Notice:  Undefined variable: text_affiliate in D:\Apache24\htdocs\web1\admin\view\template\common\menu.tpl on line 116
2016-02-09 23:23:28 - PHP Notice:  Undefined variable: report_affiliate in D:\Apache24\htdocs\web1\admin\view\template\common\menu.tpl on line 196
2016-02-09 23:23:28 - PHP Notice:  Undefined variable: text_report_affiliate in D:\Apache24\htdocs\web1\admin\view\template\common\menu.tpl on line 196
2016-02-09 23:23:28 - PHP Notice:  Undefined variable: report_affiliate_activity in D:\Apache24\htdocs\web1\admin\view\template\common\menu.tpl on line 197
2016-02-09 23:23:28 - PHP Notice:  Undefined variable: text_report_affiliate_activity in D:\Apache24\htdocs\web1\admin\view\template\common\menu.tpl on line 197
2016-02-09 23:26:12 - PHP Notice:  Undefined variable: text_affiliate in D:\Apache24\htdocs\web1\catalog\view\theme\default\template\common\footer.tpl on line 27
2016-02-09 23:26:13 - PHP Notice:  Undefined variable: text_affiliate in D:\Apache24\htdocs\web1\catalog\view\theme\default\template\common\footer.tpl on line 27
2016-02-09 23:26:39 - PHP Notice:  Undefined variable: text_affiliate in D:\Apache24\htdocs\web1\catalog\view\theme\default\template\common\footer.tpl on line 27
2016-02-09 23:34:12 - PHP Notice:  Undefined variable: text_affiliate in D:\Apache24\htdocs\web1\catalog\view\theme\default\template\common\footer.tpl on line 27
2016-02-09 23:34:16 - PHP Notice:  Undefined variable: text_affiliate in D:\Apache24\htdocs\web1\catalog\view\theme\default\template\common\footer.tpl on line 27
2016-02-09 23:35:05 - PHP Notice:  Undefined variable: text_affiliate in D:\Apache24\htdocs\web1\catalog\view\theme\default\template\common\footer.tpl on line 27
2016-02-09 23:35:27 - PHP Notice:  Undefined variable: text_affiliate in D:\Apache24\htdocs\web1\catalog\view\theme\default\template\common\footer.tpl on line 27
2016-02-09 23:39:43 - PHP Notice:  Undefined variable: text_affiliate in D:\Apache24\htdocs\web1\admin\view\template\common\header.tpl on line 60
2016-02-09 23:39:43 - PHP Notice:  Undefined variable: affiliate_approval in D:\Apache24\htdocs\web1\admin\view\template\common\header.tpl on line 61
2016-02-09 23:39:43 - PHP Notice:  Undefined variable: affiliate_total in D:\Apache24\htdocs\web1\admin\view\template\common\header.tpl on line 61
2016-02-09 23:39:43 - PHP Notice:  Undefined variable: affiliate in D:\Apache24\htdocs\web1\admin\view\template\common\menu.tpl on line 116
2016-02-09 23:39:43 - PHP Notice:  Undefined variable: text_affiliate in D:\Apache24\htdocs\web1\admin\view\template\common\menu.tpl on line 116
2016-02-09 23:39:43 - PHP Notice:  Undefined variable: report_affiliate in D:\Apache24\htdocs\web1\admin\view\template\common\menu.tpl on line 196
2016-02-09 23:39:43 - PHP Notice:  Undefined variable: text_report_affiliate in D:\Apache24\htdocs\web1\admin\view\template\common\menu.tpl on line 196
2016-02-09 23:39:43 - PHP Notice:  Undefined variable: report_affiliate_activity in D:\Apache24\htdocs\web1\admin\view\template\common\menu.tpl on line 197
2016-02-09 23:39:43 - PHP Notice:  Undefined variable: text_report_affiliate_activity in D:\Apache24\htdocs\web1\admin\view\template\common\menu.tpl on line 197
2016-02-09 23:39:54 - PHP Notice:  Undefined variable: text_affiliate in D:\Apache24\htdocs\web1\admin\view\template\common\header.tpl on line 60
2016-02-09 23:39:54 - PHP Notice:  Undefined variable: affiliate_approval in D:\Apache24\htdocs\web1\admin\view\template\common\header.tpl on line 61
2016-02-09 23:39:54 - PHP Notice:  Undefined variable: affiliate_total in D:\Apache24\htdocs\web1\admin\view\template\common\header.tpl on line 61
2016-02-09 23:39:54 - PHP Notice:  Undefined variable: affiliate in D:\Apache24\htdocs\web1\admin\view\template\common\menu.tpl on line 116
2016-02-09 23:39:54 - PHP Notice:  Undefined variable: text_affiliate in D:\Apache24\htdocs\web1\admin\view\template\common\menu.tpl on line 116
2016-02-09 23:39:54 - PHP Notice:  Undefined variable: report_affiliate in D:\Apache24\htdocs\web1\admin\view\template\common\menu.tpl on line 196
2016-02-09 23:39:54 - PHP Notice:  Undefined variable: text_report_affiliate in D:\Apache24\htdocs\web1\admin\view\template\common\menu.tpl on line 196
2016-02-09 23:39:54 - PHP Notice:  Undefined variable: report_affiliate_activity in D:\Apache24\htdocs\web1\admin\view\template\common\menu.tpl on line 197
2016-02-09 23:39:54 - PHP Notice:  Undefined variable: text_report_affiliate_activity in D:\Apache24\htdocs\web1\admin\view\template\common\menu.tpl on line 197
2016-02-09 23:43:02 - PHP Notice:  Undefined variable: text_affiliate in D:\Apache24\htdocs\web1\admin\view\template\common\header.tpl on line 60
2016-02-09 23:43:02 - PHP Notice:  Undefined variable: affiliate_approval in D:\Apache24\htdocs\web1\admin\view\template\common\header.tpl on line 61
2016-02-09 23:43:02 - PHP Notice:  Undefined variable: affiliate_total in D:\Apache24\htdocs\web1\admin\view\template\common\header.tpl on line 61
2016-02-09 23:43:02 - PHP Notice:  Undefined variable: affiliate in D:\Apache24\htdocs\web1\admin\view\template\common\menu.tpl on line 116
2016-02-09 23:43:02 - PHP Notice:  Undefined variable: text_affiliate in D:\Apache24\htdocs\web1\admin\view\template\common\menu.tpl on line 116
2016-02-09 23:43:02 - PHP Notice:  Undefined variable: report_affiliate in D:\Apache24\htdocs\web1\admin\view\template\common\menu.tpl on line 196
2016-02-09 23:43:02 - PHP Notice:  Undefined variable: text_report_affiliate in D:\Apache24\htdocs\web1\admin\view\template\common\menu.tpl on line 196
2016-02-09 23:43:02 - PHP Notice:  Undefined variable: report_affiliate_activity in D:\Apache24\htdocs\web1\admin\view\template\common\menu.tpl on line 197
2016-02-09 23:43:02 - PHP Notice:  Undefined variable: text_report_affiliate_activity in D:\Apache24\htdocs\web1\admin\view\template\common\menu.tpl on line 197
2016-02-09 23:43:08 - PHP Notice:  Undefined variable: text_affiliate in D:\Apache24\htdocs\web1\admin\view\template\common\header.tpl on line 60
2016-02-09 23:43:08 - PHP Notice:  Undefined variable: affiliate_approval in D:\Apache24\htdocs\web1\admin\view\template\common\header.tpl on line 61
2016-02-09 23:43:08 - PHP Notice:  Undefined variable: affiliate_total in D:\Apache24\htdocs\web1\admin\view\template\common\header.tpl on line 61
2016-02-09 23:43:08 - PHP Notice:  Undefined variable: affiliate in D:\Apache24\htdocs\web1\admin\view\template\common\menu.tpl on line 116
2016-02-09 23:43:08 - PHP Notice:  Undefined variable: text_affiliate in D:\Apache24\htdocs\web1\admin\view\template\common\menu.tpl on line 116
2016-02-09 23:43:08 - PHP Notice:  Undefined variable: report_affiliate in D:\Apache24\htdocs\web1\admin\view\template\common\menu.tpl on line 196
2016-02-09 23:43:08 - PHP Notice:  Undefined variable: text_report_affiliate in D:\Apache24\htdocs\web1\admin\view\template\common\menu.tpl on line 196
2016-02-09 23:43:08 - PHP Notice:  Undefined variable: report_affiliate_activity in D:\Apache24\htdocs\web1\admin\view\template\common\menu.tpl on line 197
2016-02-09 23:43:08 - PHP Notice:  Undefined variable: text_report_affiliate_activity in D:\Apache24\htdocs\web1\admin\view\template\common\menu.tpl on line 197
2016-02-09 23:43:17 - PHP Notice:  Undefined variable: text_affiliate in D:\Apache24\htdocs\web1\admin\view\template\common\header.tpl on line 60
2016-02-09 23:43:17 - PHP Notice:  Undefined variable: affiliate_approval in D:\Apache24\htdocs\web1\admin\view\template\common\header.tpl on line 61
2016-02-09 23:43:17 - PHP Notice:  Undefined variable: affiliate_total in D:\Apache24\htdocs\web1\admin\view\template\common\header.tpl on line 61
2016-02-09 23:43:17 - PHP Notice:  Undefined variable: affiliate in D:\Apache24\htdocs\web1\admin\view\template\common\menu.tpl on line 116
2016-02-09 23:43:17 - PHP Notice:  Undefined variable: text_affiliate in D:\Apache24\htdocs\web1\admin\view\template\common\menu.tpl on line 116
2016-02-09 23:43:17 - PHP Notice:  Undefined variable: report_affiliate in D:\Apache24\htdocs\web1\admin\view\template\common\menu.tpl on line 196
2016-02-09 23:43:17 - PHP Notice:  Undefined variable: text_report_affiliate in D:\Apache24\htdocs\web1\admin\view\template\common\menu.tpl on line 196
2016-02-09 23:43:17 - PHP Notice:  Undefined variable: report_affiliate_activity in D:\Apache24\htdocs\web1\admin\view\template\common\menu.tpl on line 197
2016-02-09 23:43:17 - PHP Notice:  Undefined variable: text_report_affiliate_activity in D:\Apache24\htdocs\web1\admin\view\template\common\menu.tpl on line 197
2016-02-09 23:43:28 - PHP Notice:  Undefined variable: text_affiliate in D:\Apache24\htdocs\web1\admin\view\template\common\header.tpl on line 60
2016-02-09 23:43:28 - PHP Notice:  Undefined variable: affiliate_approval in D:\Apache24\htdocs\web1\admin\view\template\common\header.tpl on line 61
2016-02-09 23:43:28 - PHP Notice:  Undefined variable: affiliate_total in D:\Apache24\htdocs\web1\admin\view\template\common\header.tpl on line 61
2016-02-09 23:43:28 - PHP Notice:  Undefined variable: affiliate in D:\Apache24\htdocs\web1\admin\view\template\common\menu.tpl on line 116
2016-02-09 23:43:28 - PHP Notice:  Undefined variable: text_affiliate in D:\Apache24\htdocs\web1\admin\view\template\common\menu.tpl on line 116
2016-02-09 23:43:28 - PHP Notice:  Undefined variable: report_affiliate in D:\Apache24\htdocs\web1\admin\view\template\common\menu.tpl on line 196
2016-02-09 23:43:28 - PHP Notice:  Undefined variable: text_report_affiliate in D:\Apache24\htdocs\web1\admin\view\template\common\menu.tpl on line 196
2016-02-09 23:43:28 - PHP Notice:  Undefined variable: report_affiliate_activity in D:\Apache24\htdocs\web1\admin\view\template\common\menu.tpl on line 197
2016-02-09 23:43:28 - PHP Notice:  Undefined variable: text_report_affiliate_activity in D:\Apache24\htdocs\web1\admin\view\template\common\menu.tpl on line 197
2016-02-09 23:43:35 - PHP Notice:  Undefined variable: text_affiliate in D:\Apache24\htdocs\web1\admin\view\template\common\header.tpl on line 60
2016-02-09 23:43:35 - PHP Notice:  Undefined variable: affiliate_approval in D:\Apache24\htdocs\web1\admin\view\template\common\header.tpl on line 61
2016-02-09 23:43:35 - PHP Notice:  Undefined variable: affiliate_total in D:\Apache24\htdocs\web1\admin\view\template\common\header.tpl on line 61
2016-02-09 23:43:35 - PHP Notice:  Undefined variable: affiliate in D:\Apache24\htdocs\web1\admin\view\template\common\menu.tpl on line 116
2016-02-09 23:43:35 - PHP Notice:  Undefined variable: text_affiliate in D:\Apache24\htdocs\web1\admin\view\template\common\menu.tpl on line 116
2016-02-09 23:43:35 - PHP Notice:  Undefined variable: report_affiliate in D:\Apache24\htdocs\web1\admin\view\template\common\menu.tpl on line 196
2016-02-09 23:43:35 - PHP Notice:  Undefined variable: text_report_affiliate in D:\Apache24\htdocs\web1\admin\view\template\common\menu.tpl on line 196
2016-02-09 23:43:35 - PHP Notice:  Undefined variable: report_affiliate_activity in D:\Apache24\htdocs\web1\admin\view\template\common\menu.tpl on line 197
2016-02-09 23:43:35 - PHP Notice:  Undefined variable: text_report_affiliate_activity in D:\Apache24\htdocs\web1\admin\view\template\common\menu.tpl on line 197
2016-02-09 23:44:11 - PHP Notice:  Undefined variable: text_affiliate in D:\Apache24\htdocs\web1\catalog\view\theme\default\template\common\footer.tpl on line 27
2016-02-09 23:44:18 - PHP Notice:  Undefined variable: text_affiliate in D:\Apache24\htdocs\web1\admin\view\template\common\header.tpl on line 60
2016-02-09 23:44:18 - PHP Notice:  Undefined variable: affiliate_approval in D:\Apache24\htdocs\web1\admin\view\template\common\header.tpl on line 61
2016-02-09 23:44:18 - PHP Notice:  Undefined variable: affiliate_total in D:\Apache24\htdocs\web1\admin\view\template\common\header.tpl on line 61
2016-02-09 23:44:18 - PHP Notice:  Undefined variable: affiliate in D:\Apache24\htdocs\web1\admin\view\template\common\menu.tpl on line 116
2016-02-09 23:44:18 - PHP Notice:  Undefined variable: text_affiliate in D:\Apache24\htdocs\web1\admin\view\template\common\menu.tpl on line 116
2016-02-09 23:44:18 - PHP Notice:  Undefined variable: report_affiliate in D:\Apache24\htdocs\web1\admin\view\template\common\menu.tpl on line 196
2016-02-09 23:44:18 - PHP Notice:  Undefined variable: text_report_affiliate in D:\Apache24\htdocs\web1\admin\view\template\common\menu.tpl on line 196
2016-02-09 23:44:18 - PHP Notice:  Undefined variable: report_affiliate_activity in D:\Apache24\htdocs\web1\admin\view\template\common\menu.tpl on line 197
2016-02-09 23:44:18 - PHP Notice:  Undefined variable: text_report_affiliate_activity in D:\Apache24\htdocs\web1\admin\view\template\common\menu.tpl on line 197
2016-02-09 23:44:24 - PHP Notice:  Undefined variable: text_affiliate in D:\Apache24\htdocs\web1\admin\view\template\common\header.tpl on line 60
2016-02-09 23:44:24 - PHP Notice:  Undefined variable: affiliate_approval in D:\Apache24\htdocs\web1\admin\view\template\common\header.tpl on line 61
2016-02-09 23:44:24 - PHP Notice:  Undefined variable: affiliate_total in D:\Apache24\htdocs\web1\admin\view\template\common\header.tpl on line 61
2016-02-09 23:44:24 - PHP Notice:  Undefined variable: affiliate in D:\Apache24\htdocs\web1\admin\view\template\common\menu.tpl on line 116
2016-02-09 23:44:24 - PHP Notice:  Undefined variable: text_affiliate in D:\Apache24\htdocs\web1\admin\view\template\common\menu.tpl on line 116
2016-02-09 23:44:24 - PHP Notice:  Undefined variable: report_affiliate in D:\Apache24\htdocs\web1\admin\view\template\common\menu.tpl on line 196
2016-02-09 23:44:24 - PHP Notice:  Undefined variable: text_report_affiliate in D:\Apache24\htdocs\web1\admin\view\template\common\menu.tpl on line 196
2016-02-09 23:44:24 - PHP Notice:  Undefined variable: report_affiliate_activity in D:\Apache24\htdocs\web1\admin\view\template\common\menu.tpl on line 197
2016-02-09 23:44:24 - PHP Notice:  Undefined variable: text_report_affiliate_activity in D:\Apache24\htdocs\web1\admin\view\template\common\menu.tpl on line 197
2016-02-09 23:44:27 - PHP Notice:  Undefined variable: text_affiliate in D:\Apache24\htdocs\web1\admin\view\template\common\header.tpl on line 60
2016-02-09 23:44:27 - PHP Notice:  Undefined variable: affiliate_approval in D:\Apache24\htdocs\web1\admin\view\template\common\header.tpl on line 61
2016-02-09 23:44:27 - PHP Notice:  Undefined variable: affiliate_total in D:\Apache24\htdocs\web1\admin\view\template\common\header.tpl on line 61
2016-02-09 23:44:27 - PHP Notice:  Undefined variable: affiliate in D:\Apache24\htdocs\web1\admin\view\template\common\menu.tpl on line 116
2016-02-09 23:44:27 - PHP Notice:  Undefined variable: text_affiliate in D:\Apache24\htdocs\web1\admin\view\template\common\menu.tpl on line 116
2016-02-09 23:44:27 - PHP Notice:  Undefined variable: report_affiliate in D:\Apache24\htdocs\web1\admin\view\template\common\menu.tpl on line 196
2016-02-09 23:44:27 - PHP Notice:  Undefined variable: text_report_affiliate in D:\Apache24\htdocs\web1\admin\view\template\common\menu.tpl on line 196
2016-02-09 23:44:27 - PHP Notice:  Undefined variable: report_affiliate_activity in D:\Apache24\htdocs\web1\admin\view\template\common\menu.tpl on line 197
2016-02-09 23:44:27 - PHP Notice:  Undefined variable: text_report_affiliate_activity in D:\Apache24\htdocs\web1\admin\view\template\common\menu.tpl on line 197
2016-02-09 23:44:27 - PHP Notice:  Undefined variable: text_affiliate_all in D:\Apache24\htdocs\web1\admin\view\template\marketing\contact.tpl on line 42
2016-02-09 23:44:27 - PHP Notice:  Undefined variable: text_affiliate in D:\Apache24\htdocs\web1\admin\view\template\marketing\contact.tpl on line 43
2016-02-09 23:44:27 - PHP Notice:  Undefined variable: help_affiliate in D:\Apache24\htdocs\web1\admin\view\template\marketing\contact.tpl on line 66
2016-02-09 23:44:27 - PHP Notice:  Undefined variable: entry_affiliate in D:\Apache24\htdocs\web1\admin\view\template\marketing\contact.tpl on line 66
2016-02-09 23:44:27 - PHP Notice:  Undefined variable: entry_affiliate in D:\Apache24\htdocs\web1\admin\view\template\marketing\contact.tpl on line 68
2016-02-10 0:31:00 - PHP Notice:  Undefined variable: text_affiliate in D:\Apache24\htdocs\web1\catalog\view\theme\default\template\common\footer.tpl on line 27
